<?xml version="1.0" encoding="UTF-8"?>
<!-- Generated by org.testng.reporters.JUnitReportReporter -->
<testsuite hostname="Akshay" failures="0" tests="1" name="neoStoxTestClasses.ValidateTradePanel" time="21.709" errors="0" timestamp="2022-12-04T21:40:26 IST" skipped="0">
  <testcase classname="neoStoxTestClasses.ValidateTradePanel" name="ValidateTradePanel" time="21.709"/>
  <system-out>
    <![CDATA[Clicking on active Postions tab...
Clicking on Pending Orders tab...
Clicking on Day History tab...
Getting today's P/L...
Today's P/L is 0.00
Getting all P/L...
P/L of active postion is 0.00
Validating tradePanel and Taking screenshots...]]>
  </system-out>
</testsuite> <!-- neoStoxTestClasses.ValidateTradePanel -->
