<?xml version="1.0" encoding="UTF-8"?>
<!-- Generated by org.testng.reporters.JUnitReportReporter -->
<testsuite hostname="Akshay" failures="0" tests="2" name="neoStoxTestClasses.ValidateUsernameAndBalance" time="2.973" errors="0" timestamp="2022-12-12T22:37:42 IST" skipped="0">
  <testcase classname="neoStoxTestClasses.ValidateUsernameAndBalance" name="validatusername" time="2.753"/>
  <system-out>
    <![CDATA[Actual Username is Hi Akshay Mahajan
Username of Account holder is Hi Akshay Mahajan
Validating username...
Taking screenshot for username validation...]]>
  </system-out>
  <testcase classname="neoStoxTestClasses.ValidateUsernameAndBalance" name="validatebalance" time="0.220"/>
  <system-out>
    <![CDATA[Getting account Balance
Available Balance in account is A/c Balance: Rs.5,00,000.00
Getting account Balance]]>
  </system-out>
</testsuite> <!-- neoStoxTestClasses.ValidateUsernameAndBalance -->
